[2025-04-02 20:45:27.312] [jointLog] [info] setting maxHashResizeThreads to 2
[2025-04-02 20:45:27.312] [jointLog] [info] Fragment incompatibility prior below threshold.  Incompatible fragments will be ignored.
[2025-04-02 20:45:27.312] [jointLog] [info] Usage of --validateMappings implies use of minScoreFraction. Since not explicitly specified, it is being set to 0.65
[2025-04-02 20:45:27.312] [jointLog] [info] Setting consensusSlack to selective-alignment default of 0.35.
[2025-04-02 20:45:27.312] [jointLog] [info] parsing read library format
[2025-04-02 20:45:27.312] [jointLog] [info] There is 1 library.
[2025-04-02 20:45:27.312] [jointLog] [info] Loading pufferfish index
[2025-04-02 20:45:27.313] [jointLog] [info] Loading dense pufferfish index.
[2025-04-02 20:45:27.394] [jointLog] [info] done
[2025-04-02 20:45:27.439] [jointLog] [info] Index contained 3,671 targets
[2025-04-02 20:45:27.439] [jointLog] [info] Number of decoys : 0
[2025-04-02 20:45:27.962] [fileLog] [info] 
At end of round 0
==================
Observed 59952 total fragments (59952 in most recent round)

[2025-04-02 20:45:27.962] [jointLog] [info] Computed 1,522 rich equivalence classes for further processing
[2025-04-02 20:45:27.962] [jointLog] [info] Counted 59,951 total reads in the equivalence classes 
[2025-04-02 20:45:27.965] [jointLog] [info] Number of mappings discarded because of alignment score : 19,921
[2025-04-02 20:45:27.965] [jointLog] [info] Number of fragments entirely discarded because of alignment score : 1
[2025-04-02 20:45:27.965] [jointLog] [info] Number of fragments discarded because they are best-mapped to decoys : 0
[2025-04-02 20:45:27.965] [jointLog] [info] Number of fragments discarded because they have only dovetail (discordant) mappings to valid targets : 0
[2025-04-02 20:45:27.965] [jointLog] [warning] Only 59951 fragments were mapped, but the number of burn-in fragments was set to 5000000.
The effective lengths have been computed using the observed mappings.

[2025-04-02 20:45:27.965] [jointLog] [info] Mapping rate = 99.9983%

[2025-04-02 20:45:27.965] [jointLog] [info] finished quantifyLibrary()
[2025-04-02 20:45:27.967] [jointLog] [info] Starting optimizer
[2025-04-02 20:45:27.969] [jointLog] [info] Marked 0 weighted equivalence classes as degenerate
[2025-04-02 20:45:27.972] [jointLog] [info] iteration = 0 | max rel diff. = 750.798
[2025-04-02 20:45:28.261] [jointLog] [info] iteration = 100 | max rel diff. = 0.237581
[2025-04-02 20:45:28.549] [jointLog] [info] iteration = 200 | max rel diff. = 0.0249022
[2025-04-02 20:45:28.695] [jointLog] [info] iteration = 252 | max rel diff. = 0.0014286
[2025-04-02 20:45:28.695] [jointLog] [info] Finished optimizer
[2025-04-02 20:45:28.695] [jointLog] [info] writing output 

