[2025-04-02 20:45:34.156] [jointLog] [info] setting maxHashResizeThreads to 2
[2025-04-02 20:45:34.156] [jointLog] [info] Fragment incompatibility prior below threshold.  Incompatible fragments will be ignored.
[2025-04-02 20:45:34.156] [jointLog] [info] Usage of --validateMappings implies use of minScoreFraction. Since not explicitly specified, it is being set to 0.65
[2025-04-02 20:45:34.156] [jointLog] [info] Setting consensusSlack to selective-alignment default of 0.35.
[2025-04-02 20:45:34.156] [jointLog] [info] parsing read library format
[2025-04-02 20:45:34.156] [jointLog] [info] There is 1 library.
[2025-04-02 20:45:34.156] [jointLog] [info] Loading pufferfish index
[2025-04-02 20:45:34.156] [jointLog] [info] Loading dense pufferfish index.
[2025-04-02 20:45:34.231] [jointLog] [info] done
[2025-04-02 20:45:34.270] [jointLog] [info] Index contained 3,671 targets
[2025-04-02 20:45:34.270] [jointLog] [info] Number of decoys : 0
[2025-04-02 20:45:35.197] [fileLog] [info] 
At end of round 0
==================
Observed 144327 total fragments (144327 in most recent round)

[2025-04-02 20:45:35.197] [jointLog] [info] Computed 1,702 rich equivalence classes for further processing
[2025-04-02 20:45:35.197] [jointLog] [info] Counted 144,327 total reads in the equivalence classes 
[2025-04-02 20:45:35.199] [jointLog] [info] Number of mappings discarded because of alignment score : 42,527
[2025-04-02 20:45:35.199] [jointLog] [info] Number of fragments entirely discarded because of alignment score : 0
[2025-04-02 20:45:35.199] [jointLog] [info] Number of fragments discarded because they are best-mapped to decoys : 0
[2025-04-02 20:45:35.199] [jointLog] [info] Number of fragments discarded because they have only dovetail (discordant) mappings to valid targets : 1
[2025-04-02 20:45:35.199] [jointLog] [warning] Only 144327 fragments were mapped, but the number of burn-in fragments was set to 5000000.
The effective lengths have been computed using the observed mappings.

[2025-04-02 20:45:35.199] [jointLog] [info] Mapping rate = 100%

[2025-04-02 20:45:35.199] [jointLog] [info] finished quantifyLibrary()
[2025-04-02 20:45:35.200] [jointLog] [info] Starting optimizer
[2025-04-02 20:45:35.201] [jointLog] [info] Marked 0 weighted equivalence classes as degenerate
[2025-04-02 20:45:35.204] [jointLog] [info] iteration = 0 | max rel diff. = 451.444
[2025-04-02 20:45:35.502] [jointLog] [info] iteration = 100 | max rel diff. = 0.143224
[2025-04-02 20:45:35.799] [jointLog] [info] iteration = 200 | max rel diff. = 0.0219127
[2025-04-02 20:45:36.060] [jointLog] [info] iteration = 289 | max rel diff. = 0.00362544
[2025-04-02 20:45:36.060] [jointLog] [info] Finished optimizer
[2025-04-02 20:45:36.060] [jointLog] [info] writing output 

