[2025-04-02 20:45:37.071] [jointLog] [info] setting maxHashResizeThreads to 2
[2025-04-02 20:45:37.071] [jointLog] [info] Fragment incompatibility prior below threshold.  Incompatible fragments will be ignored.
[2025-04-02 20:45:37.071] [jointLog] [info] Usage of --validateMappings implies use of minScoreFraction. Since not explicitly specified, it is being set to 0.65
[2025-04-02 20:45:37.071] [jointLog] [info] Setting consensusSlack to selective-alignment default of 0.35.
[2025-04-02 20:45:37.071] [jointLog] [info] parsing read library format
[2025-04-02 20:45:37.071] [jointLog] [info] There is 1 library.
[2025-04-02 20:45:37.072] [jointLog] [info] Loading pufferfish index
[2025-04-02 20:45:37.072] [jointLog] [info] Loading dense pufferfish index.
[2025-04-02 20:45:37.139] [jointLog] [info] done
[2025-04-02 20:45:37.176] [jointLog] [info] Index contained 3,671 targets
[2025-04-02 20:45:37.176] [jointLog] [info] Number of decoys : 0
[2025-04-02 20:45:38.133] [fileLog] [info] 
At end of round 0
==================
Observed 135429 total fragments (135429 in most recent round)

[2025-04-02 20:45:38.133] [jointLog] [info] Computed 1,716 rich equivalence classes for further processing
[2025-04-02 20:45:38.133] [jointLog] [info] Counted 135,429 total reads in the equivalence classes 
[2025-04-02 20:45:38.136] [jointLog] [info] Number of mappings discarded because of alignment score : 45,159
[2025-04-02 20:45:38.136] [jointLog] [info] Number of fragments entirely discarded because of alignment score : 0
[2025-04-02 20:45:38.136] [jointLog] [info] Number of fragments discarded because they are best-mapped to decoys : 0
[2025-04-02 20:45:38.136] [jointLog] [info] Number of fragments discarded because they have only dovetail (discordant) mappings to valid targets : 1
[2025-04-02 20:45:38.136] [jointLog] [warning] Only 135429 fragments were mapped, but the number of burn-in fragments was set to 5000000.
The effective lengths have been computed using the observed mappings.

[2025-04-02 20:45:38.136] [jointLog] [info] Mapping rate = 100%

[2025-04-02 20:45:38.136] [jointLog] [info] finished quantifyLibrary()
[2025-04-02 20:45:38.137] [jointLog] [info] Starting optimizer
[2025-04-02 20:45:38.137] [jointLog] [info] Marked 0 weighted equivalence classes as degenerate
[2025-04-02 20:45:38.140] [jointLog] [info] iteration = 0 | max rel diff. = 2425.56
[2025-04-02 20:45:38.439] [jointLog] [info] iteration = 100 | max rel diff. = 0.144993
[2025-04-02 20:45:38.614] [jointLog] [info] iteration = 160 | max rel diff. = 0.00811739
[2025-04-02 20:45:38.614] [jointLog] [info] Finished optimizer
[2025-04-02 20:45:38.614] [jointLog] [info] writing output 

