[2025-04-02 20:45:39.478] [jointLog] [info] setting maxHashResizeThreads to 2
[2025-04-02 20:45:39.478] [jointLog] [info] Fragment incompatibility prior below threshold.  Incompatible fragments will be ignored.
[2025-04-02 20:45:39.478] [jointLog] [info] Usage of --validateMappings implies use of minScoreFraction. Since not explicitly specified, it is being set to 0.65
[2025-04-02 20:45:39.478] [jointLog] [info] Setting consensusSlack to selective-alignment default of 0.35.
[2025-04-02 20:45:39.478] [jointLog] [info] parsing read library format
[2025-04-02 20:45:39.478] [jointLog] [info] There is 1 library.
[2025-04-02 20:45:39.478] [jointLog] [info] Loading pufferfish index
[2025-04-02 20:45:39.478] [jointLog] [info] Loading dense pufferfish index.
[2025-04-02 20:45:39.569] [jointLog] [info] done
[2025-04-02 20:45:39.612] [jointLog] [info] Index contained 3,671 targets
[2025-04-02 20:45:39.613] [jointLog] [info] Number of decoys : 0
[2025-04-02 20:45:40.614] [fileLog] [info] 
At end of round 0
==================
Observed 145689 total fragments (145689 in most recent round)

[2025-04-02 20:45:40.614] [jointLog] [info] Computed 1,730 rich equivalence classes for further processing
[2025-04-02 20:45:40.614] [jointLog] [info] Counted 145,689 total reads in the equivalence classes 
[2025-04-02 20:45:40.615] [jointLog] [info] Number of mappings discarded because of alignment score : 40,671
[2025-04-02 20:45:40.615] [jointLog] [info] Number of fragments entirely discarded because of alignment score : 0
[2025-04-02 20:45:40.615] [jointLog] [info] Number of fragments discarded because they are best-mapped to decoys : 0
[2025-04-02 20:45:40.615] [jointLog] [info] Number of fragments discarded because they have only dovetail (discordant) mappings to valid targets : 0
[2025-04-02 20:45:40.616] [jointLog] [warning] Only 145689 fragments were mapped, but the number of burn-in fragments was set to 5000000.
The effective lengths have been computed using the observed mappings.

[2025-04-02 20:45:40.616] [jointLog] [info] Mapping rate = 100%

[2025-04-02 20:45:40.616] [jointLog] [info] finished quantifyLibrary()
[2025-04-02 20:45:40.616] [jointLog] [info] Starting optimizer
[2025-04-02 20:45:40.617] [jointLog] [info] Marked 0 weighted equivalence classes as degenerate
[2025-04-02 20:45:40.619] [jointLog] [info] iteration = 0 | max rel diff. = 1082.95
[2025-04-02 20:45:40.912] [jointLog] [info] iteration = 100 | max rel diff. = 0.284813
[2025-04-02 20:45:41.182] [jointLog] [info] iteration = 194 | max rel diff. = 0.0071516
[2025-04-02 20:45:41.182] [jointLog] [info] Finished optimizer
[2025-04-02 20:45:41.182] [jointLog] [info] writing output 

